[2m2023-12-02 14:45:01.303[0;39m [32m- INFO[0;39m [35m23540[0;39m [2m---[0;39m [2m[           main][0;39m [36mcom.example.project.ProjectApplication  [0;39m [2m:[0;39m Starting ProjectApplication using Java 17.0.7 with PID 23540 (C:\Users\Sri's Laptop\VSCode\Project\target\classes started by Sri's Laptop in C:\Users\Sri's Laptop\VSCode\Project)
-[2m2023-12-02 14:45:01.444[0;39m [32m- INFO[0;39m [35m23540[0;39m [2m---[0;39m [2m[           main][0;39m [36mcom.example.project.ProjectApplication  [0;39m [2m:[0;39m No active profile set, falling back to 1 default profile: "default"
-[2m2023-12-02 14:45:02.916[0;39m [32m- INFO[0;39m [35m23540[0;39m [2m---[0;39m [2m[           main][0;39m [36m.s.d.r.c.RepositoryConfigurationDelegate[0;39m [2m:[0;39m Bootstrapping Spring Data JPA repositories in DEFAULT mode.
-[2m2023-12-02 14:45:03.041[0;39m [32m- INFO[0;39m [35m23540[0;39m [2m---[0;39m [2m[           main][0;39m [36m.s.d.r.c.RepositoryConfigurationDelegate[0;39m [2m:[0;39m Finished Spring Data repository scanning in 107 ms. Found 4 JPA repository interfaces.
-[2m2023-12-02 14:45:04.164[0;39m [32m- INFO[0;39m [35m23540[0;39m [2m---[0;39m [2m[           main][0;39m [36mo.s.b.w.embedded.tomcat.TomcatWebServer [0;39m [2m:[0;39m Tomcat initialized with port(s): 9191 (http)
-[2m2023-12-02 14:45:04.195[0;39m [32m- INFO[0;39m [35m23540[0;39m [2m---[0;39m [2m[           main][0;39m [36mo.apache.catalina.core.StandardService  [0;39m [2m:[0;39m Starting service [Tomcat]
-[2m2023-12-02 14:45:04.195[0;39m [32m- INFO[0;39m [35m23540[0;39m [2m---[0;39m [2m[           main][0;39m [36mo.apache.catalina.core.StandardEngine   [0;39m [2m:[0;39m Starting Servlet engine: [Apache Tomcat/10.1.15]
-[2m2023-12-02 14:45:04.426[0;39m [32m- INFO[0;39m [35m23540[0;39m [2m---[0;39m [2m[           main][0;39m [36mo.a.c.c.C.[Tomcat].[localhost].[/]      [0;39m [2m:[0;39m Initializing Spring embedded WebApplicationContext
-[2m2023-12-02 14:45:04.426[0;39m [32m- INFO[0;39m [35m23540[0;39m [2m---[0;39m [2m[           main][0;39m [36mw.s.c.ServletWebServerApplicationContext[0;39m [2m:[0;39m Root WebApplicationContext: initialization completed in 2814 ms
-[2m2023-12-02 14:45:04.731[0;39m [32m- INFO[0;39m [35m23540[0;39m [2m---[0;39m [2m[           main][0;39m [36mo.hibernate.jpa.internal.util.LogHelper [0;39m [2m:[0;39m HHH000204: Processing PersistenceUnitInfo [name: default]
-[2m2023-12-02 14:45:04.858[0;39m [32m- INFO[0;39m [35m23540[0;39m [2m---[0;39m [2m[           main][0;39m [36morg.hibernate.Version                   [0;39m [2m:[0;39m HHH000412: Hibernate ORM core version 6.2.13.Final
-[2m2023-12-02 14:45:04.858[0;39m [32m- INFO[0;39m [35m23540[0;39m [2m---[0;39m [2m[           main][0;39m [36morg.hibernate.cfg.Environment           [0;39m [2m:[0;39m HHH000406: Using bytecode reflection optimizer
-[2m2023-12-02 14:45:05.488[0;39m [32m- INFO[0;39m [35m23540[0;39m [2m---[0;39m [2m[           main][0;39m [36mo.s.o.j.p.SpringPersistenceUnitInfo     [0;39m [2m:[0;39m No LoadTimeWeaver setup: ignoring JPA class transformer
-[2m2023-12-02 14:45:05.543[0;39m [32m- INFO[0;39m [35m23540[0;39m [2m---[0;39m [2m[           main][0;39m [36mcom.zaxxer.hikari.HikariDataSource      [0;39m [2m:[0;39m HikariPool-1 - Starting...
-[2m2023-12-02 14:45:06.439[0;39m [32m- INFO[0;39m [35m23540[0;39m [2m---[0;39m [2m[           main][0;39m [36mcom.zaxxer.hikari.pool.HikariPool       [0;39m [2m:[0;39m HikariPool-1 - Added connection com.mysql.cj.jdbc.ConnectionImpl@4ced17f3
-[2m2023-12-02 14:45:06.454[0;39m [32m- INFO[0;39m [35m23540[0;39m [2m---[0;39m [2m[           main][0;39m [36mcom.zaxxer.hikari.HikariDataSource      [0;39m [2m:[0;39m HikariPool-1 - Start completed.
-[2m2023-12-02 14:45:08.191[0;39m [32m- INFO[0;39m [35m23540[0;39m [2m---[0;39m [2m[           main][0;39m [36mo.h.e.t.j.p.i.JtaPlatformInitiator      [0;39m [2m:[0;39m HHH000489: No JTA platform available (set 'hibernate.transaction.jta.platform' to enable JTA platform integration)
-[2m2023-12-02 14:45:08.332[0;39m [32m- INFO[0;39m [35m23540[0;39m [2m---[0;39m [2m[           main][0;39m [36mj.LocalContainerEntityManagerFactoryBean[0;39m [2m:[0;39m Initialized JPA EntityManagerFactory for persistence unit 'default'
-[2m2023-12-02 14:45:08.840[0;39m [32m- INFO[0;39m [35m23540[0;39m [2m---[0;39m [2m[           main][0;39m [36mo.s.d.j.r.query.QueryEnhancerFactory    [0;39m [2m:[0;39m Hibernate is in classpath; If applicable, HQL parser will be used.
-[2m2023-12-02 14:45:09.303[0;39m [33m- WARN[0;39m [35m23540[0;39m [2m---[0;39m [2m[           main][0;39m [36mJpaBaseConfiguration$JpaWebConfiguration[0;39m [2m:[0;39m spring.jpa.open-in-view is enabled by default. Therefore, database queries may be performed during view rendering. Explicitly configure spring.jpa.open-in-view to disable this warning
-[2m2023-12-02 14:45:09.795[0;39m [32m- INFO[0;39m [35m23540[0;39m [2m---[0;39m [2m[           main][0;39m [36mo.s.b.w.embedded.tomcat.TomcatWebServer [0;39m [2m:[0;39m Tomcat started on port(s): 9191 (http) with context path ''
-[2m2023-12-02 14:45:09.811[0;39m [32m- INFO[0;39m [35m23540[0;39m [2m---[0;39m [2m[           main][0;39m [36mcom.example.project.ProjectApplication  [0;39m [2m:[0;39m Started ProjectApplication in 9.157 seconds (process running for 25.277)
-[2m2023-12-02 14:46:25.376[0;39m [32m- INFO[0;39m [35m23540[0;39m [2m---[0;39m [2m[nio-9191-exec-1][0;39m [36mo.a.c.c.C.[Tomcat].[localhost].[/]      [0;39m [2m:[0;39m Initializing Spring DispatcherServlet 'dispatcherServlet'
-[2m2023-12-02 14:46:25.392[0;39m [32m- INFO[0;39m [35m23540[0;39m [2m---[0;39m [2m[nio-9191-exec-1][0;39m [36mo.s.web.servlet.DispatcherServlet       [0;39m [2m:[0;39m Initializing Servlet 'dispatcherServlet'
-[2m2023-12-02 14:46:25.392[0;39m [32m- INFO[0;39m [35m23540[0;39m [2m---[0;39m [2m[nio-9191-exec-1][0;39m [36mo.s.web.servlet.DispatcherServlet       [0;39m [2m:[0;39m Completed initialization in 0 ms
-[2m2023-12-02 15:04:58.287[0;39m [32m- INFO[0;39m [35m23540[0;39m [2m---[0;39m [2m[ionShutdownHook][0;39m [36mj.LocalContainerEntityManagerFactoryBean[0;39m [2m:[0;39m Closing JPA EntityManagerFactory for persistence unit 'default'
-[2m2023-12-02 15:04:58.383[0;39m [32m- INFO[0;39m [35m23540[0;39m [2m---[0;39m [2m[ionShutdownHook][0;39m [36mcom.zaxxer.hikari.HikariDataSource      [0;39m [2m:[0;39m HikariPool-1 - Shutdown initiated...
-[2m2023-12-02 15:04:58.444[0;39m [32m- INFO[0;39m [35m23540[0;39m [2m---[0;39m [2m[ionShutdownHook][0;39m [36mcom.zaxxer.hikari.HikariDataSource      [0;39m [2m:[0;39m HikariPool-1 - Shutdown completed.
-